
=== Sun Dec 27 12:42:05 2020

Packages were changed.
Update Mode: updateDependencies

The following packages were updated:
  com.unity.ads from version 2.0.8 to 3.4.9
  com.unity.analytics from version 3.3.2 to 3.3.5
  com.unity.collab-proxy from version 1.2.16 to 1.3.9
  com.unity.ide.rider from version 1.0.4 to 1.2.1
  com.unity.ide.visualstudio from version 1.0.10 to 2.0.2
  com.unity.ide.vscode from version 1.0.4 to 1.2.1
  com.unity.test-framework from version 1.0.13 to 1.1.16
  com.unity.textmeshpro from version 2.0.1 to 3.0.1
  com.unity.timeline from version 1.1.0 to 1.2.6
The following packages were removed:
  com.unity.package-manager-ui@2.2.0

=== Wed Dec 30 14:49:33 2020

Packages were changed.
Update Mode: updateDependencies

The following packages were updated:
  com.unity.ads from version 3.4.9 to 3.5.2
  com.unity.ext.nunit from version 1.0.0 to 1.0.5
  com.unity.ide.vscode from version 1.2.1 to 1.2.3
  com.unity.purchasing from version 2.0.6 to 2.2.1
  com.unity.test-framework from version 1.1.16 to 1.1.19
